1565289768.123390 client started (57843): version 2.9a, socket /private/tmp/tmux-501/default, protocol 8
1565289768.123436 on Darwin 18.6.0 Darwin Kernel Version 18.6.0: Thu Apr 25 23:16:27 PDT 2019; root:xnu-4903.261.4~2/RELEASE_X86_64; libevent 2.1.10-stable (select)
1565289768.123479 socket is /private/tmp/tmux-501/default
1565289768.123501 trying connect
1565289768.123529 connect failed: Connection refused
1565289768.123793 lock file is /private/tmp/tmux-501/default.lock
1565289768.123890 flock succeeded
1565289768.123901 got lock (7)
1565289768.123910 trying connect
1565289768.123922 connect failed: Connection refused
1565289768.124413 add peer 0x1077ce000: 8 (0x0)
1565289768.125794 sending message 100 to peer 0x1077ce000 (4 bytes)
1565289768.125924 sending message 101 to peer 0x1077ce000 (15 bytes)
1565289768.125938 sending message 102 to peer 0x1077ce000 (13 bytes)
1565289768.125948 sending message 108 to peer 0x1077ce000 (19 bytes)
1565289768.125991 sending message 104 to peer 0x1077ce000 (0 bytes)
1565289768.126008 sending message 107 to peer 0x1077ce000 (4 bytes)
1565289768.126018 sending message 105 to peer 0x1077ce000 (51 bytes)
1565289768.126027 sending message 105 to peer 0x1077ce000 (37 bytes)
1565289768.126035 sending message 105 to peer 0x1077ce000 (23 bytes)
1565289768.126045 sending message 105 to peer 0x1077ce000 (45 bytes)
1565289768.126053 sending message 105 to peer 0x1077ce000 (20 bytes)
1565289768.126062 sending message 105 to peer 0x1077ce000 (16 bytes)
1565289768.126071 sending message 105 to peer 0x1077ce000 (11 bytes)
1565289768.126079 sending message 105 to peer 0x1077ce000 (51 bytes)
1565289768.126088 sending message 105 to peer 0x1077ce000 (57 bytes)
1565289768.126098 sending message 105 to peer 0x1077ce000 (76 bytes)
1565289768.126106 sending message 105 to peer 0x1077ce000 (27 bytes)
1565289768.126116 sending message 105 to peer 0x1077ce000 (22 bytes)
1565289768.126124 sending message 105 to peer 0x1077ce000 (51 bytes)
1565289768.126133 sending message 105 to peer 0x1077ce000 (60 bytes)
1565289768.126143 sending message 105 to peer 0x1077ce000 (31 bytes)
1565289768.126154 sending message 105 to peer 0x1077ce000 (19 bytes)
1565289768.126164 sending message 105 to peer 0x1077ce000 (32 bytes)
1565289768.126172 sending message 105 to peer 0x1077ce000 (13 bytes)
1565289768.126182 sending message 105 to peer 0x1077ce000 (22 bytes)
1565289768.126190 sending message 105 to peer 0x1077ce000 (29 bytes)
1565289768.126198 sending message 105 to peer 0x1077ce000 (66 bytes)
1565289768.126206 sending message 105 to peer 0x1077ce000 (32 bytes)
1565289768.126214 sending message 105 to peer 0x1077ce000 (32 bytes)
1565289768.126222 sending message 105 to peer 0x1077ce000 (26 bytes)
1565289768.126232 sending message 105 to peer 0x1077ce000 (671 bytes)
1565289768.126241 sending message 105 to peer 0x1077ce000 (23 bytes)
1565289768.126249 sending message 105 to peer 0x1077ce000 (28 bytes)
1565289768.126258 sending message 105 to peer 0x1077ce000 (17 bytes)
1565289768.126266 sending message 105 to peer 0x1077ce000 (22 bytes)
1565289768.126274 sending message 105 to peer 0x1077ce000 (14 bytes)
1565289768.126285 sending message 105 to peer 0x1077ce000 (17 bytes)
1565289768.126307 sending message 105 to peer 0x1077ce000 (19 bytes)
1565289768.126319 sending message 105 to peer 0x1077ce000 (28 bytes)
1565289768.126327 sending message 105 to peer 0x1077ce000 (27 bytes)
1565289768.126336 sending message 105 to peer 0x1077ce000 (8 bytes)
1565289768.126344 sending message 105 to peer 0x1077ce000 (20 bytes)
1565289768.126352 sending message 105 to peer 0x1077ce000 (14 bytes)
1565289768.126359 sending message 105 to peer 0x1077ce000 (26 bytes)
1565289768.126367 sending message 105 to peer 0x1077ce000 (61 bytes)
1565289768.126376 sending message 105 to peer 0x1077ce000 (16 bytes)
1565289768.126395 sending message 105 to peer 0x1077ce000 (88 bytes)
1565289768.126405 sending message 105 to peer 0x1077ce000 (53 bytes)
1565289768.126414 sending message 105 to peer 0x1077ce000 (31 bytes)
1565289768.126422 sending message 105 to peer 0x1077ce000 (19 bytes)
1565289768.126443 sending message 105 to peer 0x1077ce000 (26 bytes)
1565289768.126450 sending message 105 to peer 0x1077ce000 (24 bytes)
1565289768.126456 sending message 105 to peer 0x1077ce000 (24 bytes)
1565289768.126462 sending message 105 to peer 0x1077ce000 (77 bytes)
1565289768.126468 sending message 105 to peer 0x1077ce000 (20 bytes)
1565289768.126475 sending message 105 to peer 0x1077ce000 (22 bytes)
1565289768.126481 sending message 106 to peer 0x1077ce000 (0 bytes)
1565289768.126490 sending message 200 to peer 0x1077ce000 (4 bytes)
1565289768.126498 client loop enter
1565289768.167153 peer 0x1077ce000 message 207
1565289768.167202 sending message 208 to peer 0x1077ce000 (0 bytes)
1565289773.498708 peer 0x1077ce000 message 201
1565289773.498748 sending message 205 to peer 0x1077ce000 (0 bytes)
1565289773.499060 peer 0x1077ce000 message 204
1565289773.499082 client loop exit
